<?xml version="1.0" encoding="UTF-8"?>
<!-- Generated by org.testng.reporters.JUnitXMLReporter -->
<testsuite ignored="0" hostname="Mosab" failures="0" tests="4" name="Default test" time="0.311" errors="0" timestamp="2024-11-22T23:32:21 EET">
  <testcase classname="databaseprojectuseingSQL.MyTestCases" name="addDataToDB" time="0.015"/>
  <testcase classname="databaseprojectuseingSQL.MyTestCases" name="updateData" time="0.004"/>
  <testcase classname="databaseprojectuseingSQL.MyTestCases" name="readData" time="0.026"/>
  <testcase classname="databaseprojectuseingSQL.MyTestCases" name="deleteData" time="0.004"/>
</testsuite> <!-- Default test -->
