<?xml version="1.0" encoding="UTF-8"?>
<testng-results ignored="0" total="4" passed="4" failed="0" skipped="0">
  <reporter-output>
  </reporter-output>
  <suite started-at="2024-11-22T23:32:21 EET" name="Default suite" finished-at="2024-11-22T23:32:21 EET" duration-ms="311">
    <groups>
    </groups>
    <test started-at="2024-11-22T23:32:21 EET" name="Default test" finished-at="2024-11-22T23:32:21 EET" duration-ms="311">
      <class name="databaseprojectuseingSQL.MyTestCases">
        <test-method is-config="true" signature="mysetup()[pri:0, instance:databaseprojectuseingSQL.MyTestCases@3a3e78f]" started-at="2024-11-22T23:32:21 EET" name="mysetup" finished-at="2024-11-22T23:32:21 EET" duration-ms="236" status="PASS">
          <reporter-output>
          </reporter-output>
        </test-method> <!-- mysetup -->
        <test-method signature="addDataToDB()[pri:1, instance:databaseprojectuseingSQL.MyTestCases@3a3e78f]" started-at="2024-11-22T23:32:21 EET" name="addDataToDB" finished-at="2024-11-22T23:32:21 EET" duration-ms="15" status="PASS">
          <reporter-output>
          </reporter-output>
        </test-method> <!-- addDataToDB -->
        <test-method signature="updateData()[pri:2, instance:databaseprojectuseingSQL.MyTestCases@3a3e78f]" started-at="2024-11-22T23:32:21 EET" name="updateData" finished-at="2024-11-22T23:32:21 EET" duration-ms="4" status="PASS">
          <reporter-output>
          </reporter-output>
        </test-method> <!-- updateData -->
        <test-method signature="readData()[pri:3, instance:databaseprojectuseingSQL.MyTestCases@3a3e78f]" started-at="2024-11-22T23:32:21 EET" name="readData" finished-at="2024-11-22T23:32:21 EET" duration-ms="26" status="PASS">
          <reporter-output>
          </reporter-output>
        </test-method> <!-- readData -->
        <test-method signature="deleteData()[pri:4, instance:databaseprojectuseingSQL.MyTestCases@3a3e78f]" started-at="2024-11-22T23:32:21 EET" name="deleteData" finished-at="2024-11-22T23:32:21 EET" duration-ms="4" status="PASS">
          <reporter-output>
          </reporter-output>
        </test-method> <!-- deleteData -->
      </class> <!-- databaseprojectuseingSQL.MyTestCases -->
    </test> <!-- Default test -->
  </suite> <!-- Default suite -->
</testng-results>
